Change Dir: 'C:/Users/Admin/source/repos/Light/Light/vcpkg_installed/vcpkg/blds/hiredis/x64-windows-dbg'

Run Build Command(s): "C:/Program Files/Microsoft Visual Studio/2022/Community/Common7/IDE/CommonExtensions/Microsoft/CMake/Ninja/ninja.exe" -v -v -j13 install
[1/12] C:\PROGRA~1\MICROS~1\2022\COMMUN~1\VC\Tools\MSVC\1443~1.348\bin\Hostx64\x64\cl.exe   -DWIN32_LEAN_AND_MEAN -D_CRT_SECURE_NO_WARNINGS -IC:\Users\Admin\source\repos\Light\Light\vcpkg_installed\vcpkg\blds\hiredis\src\v1.0.0-40894b8fe5.clean /nologo /DWIN32 /D_WINDOWS /utf-8 /MP  /D_DEBUG /MDd /Z7 /Ob0 /Od /RTC1 /showIncludes /FoCMakeFiles\hiredis.dir\dict.c.obj /FdCMakeFiles\hiredis.dir\hiredis.pdb /FS -c C:\Users\Admin\source\repos\Light\Light\vcpkg_installed\vcpkg\blds\hiredis\src\v1.0.0-40894b8fe5.clean\dict.c
[2/12] C:\PROGRA~1\MICROS~1\2022\COMMUN~1\VC\Tools\MSVC\1443~1.348\bin\Hostx64\x64\cl.exe   -DWIN32_LEAN_AND_MEAN -D_CRT_SECURE_NO_WARNINGS -IC:\Users\Admin\source\repos\Light\Light\vcpkg_installed\vcpkg\blds\hiredis\src\v1.0.0-40894b8fe5.clean /nologo /DWIN32 /D_WINDOWS /utf-8 /MP  /D_DEBUG /MDd /Z7 /Ob0 /Od /RTC1 /showIncludes /FoCMakeFiles\hiredis.dir\alloc.c.obj /FdCMakeFiles\hiredis.dir\hiredis.pdb /FS -c C:\Users\Admin\source\repos\Light\Light\vcpkg_installed\vcpkg\blds\hiredis\src\v1.0.0-40894b8fe5.clean\alloc.c
[3/12] C:\PROGRA~1\MICROS~1\2022\COMMUN~1\VC\Tools\MSVC\1443~1.348\bin\Hostx64\x64\cl.exe   -DWIN32_LEAN_AND_MEAN -D_CRT_SECURE_NO_WARNINGS -IC:\Users\Admin\source\repos\Light\Light\vcpkg_installed\vcpkg\blds\hiredis\src\v1.0.0-40894b8fe5.clean /nologo /DWIN32 /D_WINDOWS /utf-8 /MP  /D_DEBUG /MDd /Z7 /Ob0 /Od /RTC1 /showIncludes /FoCMakeFiles\hiredis.dir\sds.c.obj /FdCMakeFiles\hiredis.dir\hiredis.pdb /FS -c C:\Users\Admin\source\repos\Light\Light\vcpkg_installed\vcpkg\blds\hiredis\src\v1.0.0-40894b8fe5.clean\sds.c
[4/12] C:\PROGRA~1\MICROS~1\2022\COMMUN~1\VC\Tools\MSVC\1443~1.348\bin\Hostx64\x64\cl.exe   -DWIN32_LEAN_AND_MEAN -D_CRT_SECURE_NO_WARNINGS -IC:\Users\Admin\source\repos\Light\Light\vcpkg_installed\vcpkg\blds\hiredis\src\v1.0.0-40894b8fe5.clean /nologo /DWIN32 /D_WINDOWS /utf-8 /MP  /D_DEBUG /MDd /Z7 /Ob0 /Od /RTC1 /showIncludes /FoCMakeFiles\hiredis.dir\sockcompat.c.obj /FdCMakeFiles\hiredis.dir\hiredis.pdb /FS -c C:\Users\Admin\source\repos\Light\Light\vcpkg_installed\vcpkg\blds\hiredis\src\v1.0.0-40894b8fe5.clean\sockcompat.c
[5/12] C:\PROGRA~1\MICROS~1\2022\COMMUN~1\VC\Tools\MSVC\1443~1.348\bin\Hostx64\x64\cl.exe   -DWIN32_LEAN_AND_MEAN -D_CRT_SECURE_NO_WARNINGS -IC:\Users\Admin\source\repos\Light\Light\vcpkg_installed\vcpkg\blds\hiredis\src\v1.0.0-40894b8fe5.clean /nologo /DWIN32 /D_WINDOWS /utf-8 /MP  /D_DEBUG /MDd /Z7 /Ob0 /Od /RTC1 /showIncludes /FoCMakeFiles\hiredis.dir\net.c.obj /FdCMakeFiles\hiredis.dir\hiredis.pdb /FS -c C:\Users\Admin\source\repos\Light\Light\vcpkg_installed\vcpkg\blds\hiredis\src\v1.0.0-40894b8fe5.clean\net.c
[6/12] C:\PROGRA~1\MICROS~1\2022\COMMUN~1\VC\Tools\MSVC\1443~1.348\bin\Hostx64\x64\cl.exe   -DWIN32_LEAN_AND_MEAN -D_CRT_SECURE_NO_WARNINGS -IC:\Users\Admin\source\repos\Light\Light\vcpkg_installed\vcpkg\blds\hiredis\src\v1.0.0-40894b8fe5.clean /nologo /DWIN32 /D_WINDOWS /utf-8 /MP  /D_DEBUG /MDd /Z7 /Ob0 /Od /RTC1 /showIncludes /FoCMakeFiles\hiredis.dir\hiredis.c.obj /FdCMakeFiles\hiredis.dir\hiredis.pdb /FS -c C:\Users\Admin\source\repos\Light\Light\vcpkg_installed\vcpkg\blds\hiredis\src\v1.0.0-40894b8fe5.clean\hiredis.c
[7/12] C:\PROGRA~1\MICROS~1\2022\COMMUN~1\VC\Tools\MSVC\1443~1.348\bin\Hostx64\x64\cl.exe   -DWIN32_LEAN_AND_MEAN -D_CRT_SECURE_NO_WARNINGS -IC:\Users\Admin\source\repos\Light\Light\vcpkg_installed\vcpkg\blds\hiredis\src\v1.0.0-40894b8fe5.clean /nologo /DWIN32 /D_WINDOWS /utf-8 /MP  /D_DEBUG /MDd /Z7 /Ob0 /Od /RTC1 /showIncludes /FoCMakeFiles\hiredis.dir\async.c.obj /FdCMakeFiles\hiredis.dir\hiredis.pdb /FS -c C:\Users\Admin\source\repos\Light\Light\vcpkg_installed\vcpkg\blds\hiredis\src\v1.0.0-40894b8fe5.clean\async.c
[8/12] C:\PROGRA~1\MICROS~1\2022\COMMUN~1\VC\Tools\MSVC\1443~1.348\bin\Hostx64\x64\cl.exe   -DWIN32_LEAN_AND_MEAN -D_CRT_SECURE_NO_WARNINGS -IC:\Users\Admin\source\repos\Light\Light\vcpkg_installed\vcpkg\blds\hiredis\src\v1.0.0-40894b8fe5.clean /nologo /DWIN32 /D_WINDOWS /utf-8 /MP  /D_DEBUG /MDd /Z7 /Ob0 /Od /RTC1 /showIncludes /FoCMakeFiles\hiredis.dir\read.c.obj /FdCMakeFiles\hiredis.dir\hiredis.pdb /FS -c C:\Users\Admin\source\repos\Light\Light\vcpkg_installed\vcpkg\blds\hiredis\src\v1.0.0-40894b8fe5.clean\read.c
C:\Users\Admin\source\repos\Light\Light\vcpkg_installed\vcpkg\blds\hiredis\src\v1.0.0-40894b8fe5.clean\read.c(399): warning C4312: приведение типов: преобразование из "long" в "void *" большего размера
C:\Users\Admin\source\repos\Light\Light\vcpkg_installed\vcpkg\blds\hiredis\src\v1.0.0-40894b8fe5.clean\read.c(497): warning C4312: приведение типов: преобразование из "long" в "void *" большего размера
[9/12] C:\PROGRA~1\MICROS~1\2022\COMMUN~1\VC\Tools\MSVC\1443~1.348\bin\Hostx64\x64\cl.exe   -DWIN32_LEAN_AND_MEAN -D_CRT_SECURE_NO_WARNINGS -IC:\Users\Admin\source\repos\Light\Light\vcpkg_installed\vcpkg\blds\hiredis\src\v1.0.0-40894b8fe5.clean /nologo /DWIN32 /D_WINDOWS /utf-8 /MP  /D_DEBUG /MDd /Z7 /Ob0 /Od /RTC1 /showIncludes /FoCMakeFiles\hiredis-test.dir\test.c.obj /FdCMakeFiles\hiredis-test.dir\ /FS -c C:\Users\Admin\source\repos\Light\Light\vcpkg_installed\vcpkg\blds\hiredis\src\v1.0.0-40894b8fe5.clean\test.c
[10/12] C:\Windows\system32\cmd.exe /C "cd . && C:\PROGRA~1\MICROS~1\2022\COMMUN~1\VC\Tools\MSVC\1443~1.348\bin\Hostx64\x64\lib.exe  /machine:x64 /nologo /out:hiredis.lib CMakeFiles\hiredis.dir\alloc.c.obj CMakeFiles\hiredis.dir\async.c.obj CMakeFiles\hiredis.dir\dict.c.obj CMakeFiles\hiredis.dir\hiredis.c.obj CMakeFiles\hiredis.dir\net.c.obj CMakeFiles\hiredis.dir\read.c.obj CMakeFiles\hiredis.dir\sds.c.obj CMakeFiles\hiredis.dir\sockcompat.c.obj && cd ."
[11/12] C:\Windows\system32\cmd.exe /C "cd . && "C:\Program Files\Microsoft Visual Studio\2022\Community\Common7\IDE\CommonExtensions\Microsoft\CMake\CMake\bin\cmake.exe" -E vs_link_exe --intdir=CMakeFiles\hiredis-test.dir --rc=C:\PROGRA~2\WI3CF2~1\10\bin\100226~1.0\x64\rc.exe --mt=C:\PROGRA~2\WI3CF2~1\10\bin\100226~1.0\x64\mt.exe --manifests  -- C:\PROGRA~1\MICROS~1\2022\COMMUN~1\VC\Tools\MSVC\1443~1.348\bin\Hostx64\x64\link.exe  CMakeFiles\hiredis-test.dir\test.c.obj  /out:hiredis-test.exe /implib:hiredis-test.lib /pdb:hiredis-test.pdb /version:0.0 /machine:x64 /nologo    /debug /INCREMENTAL /subsystem:console  hiredis.lib  ws2_32.lib  kernel32.lib user32.lib gdi32.lib winspool.lib shell32.lib ole32.lib oleaut32.lib uuid.lib comdlg32.lib advapi32.lib && cd ."
[11/12] C:\Windows\system32\cmd.exe /C "cd /D C:\Users\Admin\source\repos\Light\Light\vcpkg_installed\vcpkg\blds\hiredis\x64-windows-dbg && "C:\Program Files\Microsoft Visual Studio\2022\Community\Common7\IDE\CommonExtensions\Microsoft\CMake\CMake\bin\cmake.exe" -P cmake_install.cmake"
-- Install configuration: "Debug"
-- Installing: C:/Users/Admin/source/repos/Light/Light/vcpkg_installed/vcpkg/pkgs/hiredis_x64-windows/debug/lib/hiredis.lib
-- Installing: C:/Users/Admin/source/repos/Light/Light/vcpkg_installed/vcpkg/pkgs/hiredis_x64-windows/debug/include/hiredis/hiredis.h
-- Installing: C:/Users/Admin/source/repos/Light/Light/vcpkg_installed/vcpkg/pkgs/hiredis_x64-windows/debug/include/hiredis/read.h
-- Installing: C:/Users/Admin/source/repos/Light/Light/vcpkg_installed/vcpkg/pkgs/hiredis_x64-windows/debug/include/hiredis/sds.h
-- Installing: C:/Users/Admin/source/repos/Light/Light/vcpkg_installed/vcpkg/pkgs/hiredis_x64-windows/debug/include/hiredis/async.h
-- Installing: C:/Users/Admin/source/repos/Light/Light/vcpkg_installed/vcpkg/pkgs/hiredis_x64-windows/debug/include/hiredis/alloc.h
-- Installing: C:/Users/Admin/source/repos/Light/Light/vcpkg_installed/vcpkg/pkgs/hiredis_x64-windows/debug/include/hiredis/adapters
-- Installing: C:/Users/Admin/source/repos/Light/Light/vcpkg_installed/vcpkg/pkgs/hiredis_x64-windows/debug/include/hiredis/adapters/ae.h
-- Installing: C:/Users/Admin/source/repos/Light/Light/vcpkg_installed/vcpkg/pkgs/hiredis_x64-windows/debug/include/hiredis/adapters/glib.h
-- Installing: C:/Users/Admin/source/repos/Light/Light/vcpkg_installed/vcpkg/pkgs/hiredis_x64-windows/debug/include/hiredis/adapters/ivykis.h
-- Installing: C:/Users/Admin/source/repos/Light/Light/vcpkg_installed/vcpkg/pkgs/hiredis_x64-windows/debug/include/hiredis/adapters/libev.h
-- Installing: C:/Users/Admin/source/repos/Light/Light/vcpkg_installed/vcpkg/pkgs/hiredis_x64-windows/debug/include/hiredis/adapters/libevent.h
-- Installing: C:/Users/Admin/source/repos/Light/Light/vcpkg_installed/vcpkg/pkgs/hiredis_x64-windows/debug/include/hiredis/adapters/libuv.h
-- Installing: C:/Users/Admin/source/repos/Light/Light/vcpkg_installed/vcpkg/pkgs/hiredis_x64-windows/debug/include/hiredis/adapters/macosx.h
-- Installing: C:/Users/Admin/source/repos/Light/Light/vcpkg_installed/vcpkg/pkgs/hiredis_x64-windows/debug/include/hiredis/adapters/qt.h
-- Installing: C:/Users/Admin/source/repos/Light/Light/vcpkg_installed/vcpkg/pkgs/hiredis_x64-windows/debug/lib/pkgconfig/hiredis.pc
-- Installing: C:/Users/Admin/source/repos/Light/Light/vcpkg_installed/vcpkg/pkgs/hiredis_x64-windows/debug/share/hiredis/hiredis-targets.cmake
-- Installing: C:/Users/Admin/source/repos/Light/Light/vcpkg_installed/vcpkg/pkgs/hiredis_x64-windows/debug/share/hiredis/hiredis-targets-debug.cmake
-- Installing: C:/Users/Admin/source/repos/Light/Light/vcpkg_installed/vcpkg/pkgs/hiredis_x64-windows/debug/share/hiredis/hiredis-config.cmake

