-- Note: hiredis only supports static library linkage. Building static library.
Downloading redis-hiredis-v1.0.0.tar.gz
Successfully downloaded redis-hiredis-v1.0.0.tar.gz.
-- Extracting source C:/Users/Admin/AppData/Local/vcpkg/downloads/redis-hiredis-v1.0.0.tar.gz
-- Applying patch fix-feature-example.patch
-- Applying patch support-static-in-win.patch
-- Applying patch fix-timeval.patch
-- Using source at C:/Users/Admin/source/repos/Light/Light/vcpkg_installed/vcpkg/blds/hiredis/src/v1.0.0-40894b8fe5.clean
CMake Deprecation Warning at scripts/cmake/vcpkg_check_features.cmake:44 (message):
  calling `vcpkg_check_features` without the `FEATURES` keyword has been
  deprecated.

      Please add the `FEATURES` keyword to the call.
Call Stack (most recent call first):
  C:/Users/Admin/AppData/Local/vcpkg/registries/git-trees/e9c2ffbff25b0e22f0b09ec594b3f4288f685762/portfile.cmake:17 (vcpkg_check_features)
  scripts/ports.cmake:196 (include)


-- Found external ninja('1.12.1').
-- Configuring x64-windows
-- Building x64-windows-dbg
-- Building x64-windows-rel
-- Installing: C:/Users/Admin/source/repos/Light/Light/vcpkg_installed/vcpkg/pkgs/hiredis_x64-windows/share/hiredis/copyright
-- Выполнение проверки после сборки
C:\Users\Admin\AppData\Local\vcpkg\registries\git-trees\e9c2ffbff25b0e22f0b09ec594b3f4288f685762\portfile.cmake: warning: В установленном пакете не должно быть абсолютных путей, таких как следующие. Чтобы скрыть это сообщение, добавьте set(VCPKG_POLICY_SKIP_ABSOLUTE_PATHS_CHECK enabled)
note: C:\Users\Admin\source\repos\Light\Light\vcpkg_installed\vcpkg\pkgs
note: C:\Users\Admin\source\repos\Light\Light\vcpkg_installed
note: C:\Users\Admin\source\repos\Light\Light\vcpkg_installed\vcpkg\blds
note: C:\Users\Admin\AppData\Local\vcpkg\downloads
C:\Users\Admin\AppData\Local\vcpkg\registries\git-trees\e9c2ffbff25b0e22f0b09ec594b3f4288f685762\portfile.cmake: note: Добавление вызова "vcpkg_fixup_pkgconfig()" может исправить абсолютные пути в файлах .pc.
C:\Users\Admin\source\repos\Light\Light\vcpkg_installed\vcpkg\pkgs\hiredis_x64-windows\debug\lib\pkgconfig\hiredis.pc: note: здесь найдены абсолютные пути
C:\Users\Admin\source\repos\Light\Light\vcpkg_installed\vcpkg\pkgs\hiredis_x64-windows\lib\pkgconfig\hiredis.pc: note: здесь найдены абсолютные пути
C:\Users\Admin\AppData\Local\vcpkg\registries\git-trees\e9c2ffbff25b0e22f0b09ec594b3f4288f685762\portfile.cmake: warning: Обнаружено проблем с проверкой после сборки: 1. Обычно это вызвано ошибками в portfile.cmake или вышестоящей системе сборки. Исправьте их перед отправкой этого порта в курированный реестр.
